
Note: No compatibility mode selected!


Circuit: * ============================================================================

Doing analysis at TEMP = 27.000000 and TNOM = 27.000000

Using SPARSE 1.3 as Direct Linear Solver

No. of Data Rows : 181

  Measurements for DC Analysis

sti_vout_0          =  1.800000e+00
sti_vout_mid        =  9.000000e-01
sti_vout_high       =  2.700000e-08
sti_vth             =   6.00000e-01
pti_vout_0          =  1.800000e+00
pti_vout_mid        =  1.800000e+00
pti_vout_high       =  0.000000e+00
pti_vth             =   1.19500e+00
nti_vout_0          =  1.800000e+00
nti_vout_mid        =  0.000000e+00
nti_vout_high       =  0.000000e+00
nti_vth             =   5.95000e-01


Warning: command 'plot' is not available during batch simulation, ignored!
    You may use Gnuplot instead.


========================================================
TERNARY INVERTERS COMPARISON - DC Analysis Results
========================================================

Expected Behavior:

  STI (Standard): 0→1.8V, 0.9V→0.9V, 1.8V→0V
  PTI (Positive): 0→1.8V, 0.9V→1.8V, 1.8V→0V
  NTI (Negative): 0→1.8V, 0.9V→0V,   1.8V→0V

========================================================


Reference Voltage Levels:
  Logic 0 = 0V (VSS)
  Logic 1 = 0.9V (VDD/2)
  Logic 2 = 1.8V (VDD)

Truth Table Verification:

Input | STI Out | PTI Out | NTI Out
------|---------|---------|--------

Results saved to ../results/inverters_comparison.csv

VERIFICATION CRITERIA:
  ✓ STI: Vth should be ~0.9V (middle)
  ✓ PTI: Vth should be ~1.35V (upper)
  ✓ NTI: Vth should be ~0.45V (lower)

ngspice-45.2 done
